<testsuites id="" name="" tests="10" failures="10" skipped="0" errors="0" time="0.576077">
<testsuite name="student-enrollment.spec.js" timestamp="2025-07-17T10:00:47.910Z" hostname="chromium" tests="10" failures="10" skipped="0" time="0.014" errors="0">
<testcase name="Student Enrollment Workflow › Complete instructor enrolls student workflow" classname="student-enrollment.spec.js" time="0.001">
<failure message="student-enrollment.spec.js:35:7 Complete instructor enrolls student workflow" type="FAILURE">
<![CDATA[  [chromium] › student-enrollment.spec.js:35:7 › Student Enrollment Workflow › Complete instructor enrolls student workflow 

    Error: browserType.launch: 
    ╔══════════════════════════════════════════════════════╗
    ║ Host system is missing dependencies to run browsers. ║
    ║ Please install them with the following command:      ║
    ║                                                      ║
    ║     sudo npx playwright install-deps                 ║
    ║                                                      ║
    ║ Alternatively, use apt:                              ║
    ║     sudo apt-get install libgbm1\                    ║
    ║         libasound2                                   ║
    ║                                                      ║
    ║ <3 Playwright Team                                   ║
    ╚══════════════════════════════════════════════════════╝
]]>
</failure>
</testcase>
<testcase name="Student Enrollment Workflow › Student login with generated credentials" classname="student-enrollment.spec.js" time="0.002">
<failure message="student-enrollment.spec.js:101:7 Student login with generated credentials" type="FAILURE">
<![CDATA[  [chromium] › student-enrollment.spec.js:101:7 › Student Enrollment Workflow › Student login with generated credentials 

    Error: browserType.launch: 
    ╔══════════════════════════════════════════════════════╗
    ║ Host system is missing dependencies to run browsers. ║
    ║ Please install them with the following command:      ║
    ║                                                      ║
    ║     sudo npx playwright install-deps                 ║
    ║                                                      ║
    ║ Alternatively, use apt:                              ║
    ║     sudo apt-get install libgbm1\                    ║
    ║         libasound2                                   ║
    ║                                                      ║
    ║ <3 Playwright Team                                   ║
    ╚══════════════════════════════════════════════════════╝
]]>
</failure>
</testcase>
<testcase name="Student Enrollment Workflow › Student access control based on course dates" classname="student-enrollment.spec.js" time="0.001">
<failure message="student-enrollment.spec.js:133:7 Student access control based on course dates" type="FAILURE">
<![CDATA[  [chromium] › student-enrollment.spec.js:133:7 › Student Enrollment Workflow › Student access control based on course dates 

    Error: browserType.launch: 
    ╔══════════════════════════════════════════════════════╗
    ║ Host system is missing dependencies to run browsers. ║
    ║ Please install them with the following command:      ║
    ║                                                      ║
    ║     sudo npx playwright install-deps                 ║
    ║                                                      ║
    ║ Alternatively, use apt:                              ║
    ║     sudo apt-get install libgbm1\                    ║
    ║         libasound2                                   ║
    ║                                                      ║
    ║ <3 Playwright Team                                   ║
    ╚══════════════════════════════════════════════════════╝
]]>
</failure>
</testcase>
<testcase name="Student Enrollment Workflow › Email notification content validation" classname="student-enrollment.spec.js" time="0.001">
<failure message="student-enrollment.spec.js:150:7 Email notification content validation" type="FAILURE">
<![CDATA[  [chromium] › student-enrollment.spec.js:150:7 › Student Enrollment Workflow › Email notification content validation 

    Error: browserType.launch: 
    ╔══════════════════════════════════════════════════════╗
    ║ Host system is missing dependencies to run browsers. ║
    ║ Please install them with the following command:      ║
    ║                                                      ║
    ║     sudo npx playwright install-deps                 ║
    ║                                                      ║
    ║ Alternatively, use apt:                              ║
    ║     sudo apt-get install libgbm1\                    ║
    ║         libasound2                                   ║
    ║                                                      ║
    ║ <3 Playwright Team                                   ║
    ╚══════════════════════════════════════════════════════╝
]]>
</failure>
</testcase>
<testcase name="Student Enrollment Workflow › Course instance status management" classname="student-enrollment.spec.js" time="0.002">
<failure message="student-enrollment.spec.js:169:7 Course instance status management" type="FAILURE">
<![CDATA[  [chromium] › student-enrollment.spec.js:169:7 › Student Enrollment Workflow › Course instance status management 

    Error: browserType.launch: 
    ╔══════════════════════════════════════════════════════╗
    ║ Host system is missing dependencies to run browsers. ║
    ║ Please install them with the following command:      ║
    ║                                                      ║
    ║     sudo npx playwright install-deps                 ║
    ║                                                      ║
    ║ Alternatively, use apt:                              ║
    ║     sudo apt-get install libgbm1\                    ║
    ║         libasound2                                   ║
    ║                                                      ║
    ║ <3 Playwright Team                                   ║
    ╚══════════════════════════════════════════════════════╝
]]>
</failure>
</testcase>
<testcase name="Student Enrollment Workflow › Multiple student enrollment and management" classname="student-enrollment.spec.js" time="0.001">
<failure message="student-enrollment.spec.js:197:7 Multiple student enrollment and management" type="FAILURE">
<![CDATA[  [chromium] › student-enrollment.spec.js:197:7 › Student Enrollment Workflow › Multiple student enrollment and management 

    Error: browserType.launch: 
    ╔══════════════════════════════════════════════════════╗
    ║ Host system is missing dependencies to run browsers. ║
    ║ Please install them with the following command:      ║
    ║                                                      ║
    ║     sudo npx playwright install-deps                 ║
    ║                                                      ║
    ║ Alternatively, use apt:                              ║
    ║     sudo apt-get install libgbm1\                    ║
    ║         libasound2                                   ║
    ║                                                      ║
    ║ <3 Playwright Team                                   ║
    ╚══════════════════════════════════════════════════════╝
]]>
</failure>
</testcase>
<testcase name="Student Enrollment Workflow › Error handling and validation" classname="student-enrollment.spec.js" time="0.001">
<failure message="student-enrollment.spec.js:239:7 Error handling and validation" type="FAILURE">
<![CDATA[  [chromium] › student-enrollment.spec.js:239:7 › Student Enrollment Workflow › Error handling and validation 

    Error: browserType.launch: 
    ╔══════════════════════════════════════════════════════╗
    ║ Host system is missing dependencies to run browsers. ║
    ║ Please install them with the following command:      ║
    ║                                                      ║
    ║     sudo npx playwright install-deps                 ║
    ║                                                      ║
    ║ Alternatively, use apt:                              ║
    ║     sudo apt-get install libgbm1\                    ║
    ║         libasound2                                   ║
    ║                                                      ║
    ║ <3 Playwright Team                                   ║
    ╚══════════════════════════════════════════════════════╝
]]>
</failure>
</testcase>
<testcase name="Student Dashboard Functionality › Student can navigate course content" classname="student-enrollment.spec.js" time="0.002">
<failure message="student-enrollment.spec.js:292:7 Student can navigate course content" type="FAILURE">
<![CDATA[  [chromium] › student-enrollment.spec.js:292:7 › Student Dashboard Functionality › Student can navigate course content 

    Error: browserType.launch: 
    ╔══════════════════════════════════════════════════════╗
    ║ Host system is missing dependencies to run browsers. ║
    ║ Please install them with the following command:      ║
    ║                                                      ║
    ║     sudo npx playwright install-deps                 ║
    ║                                                      ║
    ║ Alternatively, use apt:                              ║
    ║     sudo apt-get install libgbm1\                    ║
    ║         libasound2                                   ║
    ║                                                      ║
    ║ <3 Playwright Team                                   ║
    ╚══════════════════════════════════════════════════════╝
]]>
</failure>
</testcase>
<testcase name="Student Dashboard Functionality › Student lab environment access" classname="student-enrollment.spec.js" time="0.002">
<failure message="student-enrollment.spec.js:310:7 Student lab environment access" type="FAILURE">
<![CDATA[  [chromium] › student-enrollment.spec.js:310:7 › Student Dashboard Functionality › Student lab environment access 

    Error: browserType.launch: 
    ╔══════════════════════════════════════════════════════╗
    ║ Host system is missing dependencies to run browsers. ║
    ║ Please install them with the following command:      ║
    ║                                                      ║
    ║     sudo npx playwright install-deps                 ║
    ║                                                      ║
    ║ Alternatively, use apt:                              ║
    ║     sudo apt-get install libgbm1\                    ║
    ║         libasound2                                   ║
    ║                                                      ║
    ║ <3 Playwright Team                                   ║
    ╚══════════════════════════════════════════════════════╝
]]>
</failure>
</testcase>
<testcase name="Student Dashboard Functionality › Student quiz access without answers" classname="student-enrollment.spec.js" time="0.001">
<failure message="student-enrollment.spec.js:325:7 Student quiz access without answers" type="FAILURE">
<![CDATA[  [chromium] › student-enrollment.spec.js:325:7 › Student Dashboard Functionality › Student quiz access without answers 

    Error: browserType.launch: 
    ╔══════════════════════════════════════════════════════╗
    ║ Host system is missing dependencies to run browsers. ║
    ║ Please install them with the following command:      ║
    ║                                                      ║
    ║     sudo npx playwright install-deps                 ║
    ║                                                      ║
    ║ Alternatively, use apt:                              ║
    ║     sudo apt-get install libgbm1\                    ║
    ║         libasound2                                   ║
    ║                                                      ║
    ║ <3 Playwright Team                                   ║
    ╚══════════════════════════════════════════════════════╝
]]>
</failure>
</testcase>
</testsuite>
</testsuites>